[0.000000] (-) TimerEvent: {}
[0.000314] (path_smoothing_turtlebot) JobQueued: {'identifier': 'path_smoothing_turtlebot', 'dependencies': OrderedDict()}
[0.000331] (path_smoothing_turtlebot) JobStarted: {'identifier': 'path_smoothing_turtlebot'}
[0.003887] (path_smoothing_turtlebot) JobProgress: {'identifier': 'path_smoothing_turtlebot', 'progress': 'cmake'}
[0.004199] (path_smoothing_turtlebot) Command: {'cmd': ['/usr/bin/cmake', '/home/aero-ws/10x_Path_Smoothing/ros2_integration', '-DCMAKE_INSTALL_PREFIX=/home/aero-ws/10x_Path_Smoothing/ros2_integration/install/path_smoothing_turtlebot'], 'cwd': '/home/aero-ws/10x_Path_Smoothing/ros2_integration/build/path_smoothing_turtlebot', 'env': OrderedDict([('GJS_DEBUG_TOPICS', 'JS ERROR;JS LOG'), ('LESSOPEN', '| /usr/bin/lesspipe %s'), ('LANGUAGE', 'en_IN:en'), ('USER', 'aero-ws'), ('FONTCONFIG_PATH', '/etc/fonts'), ('GIO_MODULE_DIR', '/home/aero-ws/snap/code/common/.cache/gio-modules'), ('XDG_SESSION_TYPE', 'x11'), ('GIT_ASKPASS', '/snap/code/202/usr/share/code/resources/app/extensions/git/dist/askpass.sh'), ('GTK_EXE_PREFIX_VSCODE_SNAP_ORIG', ''), ('GDK_BACKEND_VSCODE_SNAP_ORIG', ''), ('SHLVL', '1'), ('LD_LIBRARY_PATH', '/usr/lib/x86_64-linux-gnu/gazebo-11/plugins:/opt/ros/humble/opt/rviz_ogre_vendor/lib:/opt/ros/humble/lib/x86_64-linux-gnu:/opt/ros/humble/lib'), ('HOME', '/home/aero-ws'), ('CHROME_DESKTOP', 'code.desktop'), ('LOCPATH_VSCODE_SNAP_ORIG', ''), ('OLDPWD', '/home/aero-ws/ros2_ws'), ('TERM_PROGRAM_VERSION', '1.102.3'), ('DESKTOP_SESSION', 'ubuntu'), ('GTK_PATH', '/snap/code/202/usr/lib/x86_64-linux-gnu/gtk-3.0'), ('XDG_DATA_HOME_VSCODE_SNAP_ORIG', ''), ('GTK_IM_MODULE_FILE', '/home/aero-ws/snap/code/common/.cache/immodules/immodules.cache'), ('GIO_LAUNCHED_DESKTOP_FILE', '/var/lib/snapd/desktop/applications/code_code.desktop'), ('ROS_PYTHON_VERSION', '3'), ('GNOME_SHELL_SESSION_MODE', 'ubuntu'), ('GTK_MODULES', 'gail:atk-bridge'), ('GSETTINGS_SCHEMA_DIR_VSCODE_SNAP_ORIG', ''), ('VSCODE_GIT_ASKPASS_MAIN', '/snap/code/202/usr/share/code/resources/app/extensions/git/dist/askpass-main.js'), ('VSCODE_GIT_ASKPASS_NODE', '/snap/code/202/usr/share/code/code'), ('MANAGERPID', '1519'), ('PYDEVD_DISABLE_FILE_VALIDATION', '1'), ('SYSTEMD_EXEC_PID', '1833'), ('BUNDLED_DEBUGPY_PATH', '/home/aero-ws/.vscode/extensions/ms-python.debugpy-2025.10.0-linux-x64/bundled/libs/debugpy'), ('DBUS_SESSION_BUS_ADDRESS', 'unix:path=/run/user/1000/bus'), ('COLORTERM', 'truecolor'), ('GIO_LAUNCHED_DESKTOP_FILE_PID', '2571'), ('COLCON_PREFIX_PATH', '/home/aero-ws/ros2_ws/install'), ('ROS_DISTRO', 'humble'), ('GTK_IM_MODULE', 'ibus'), ('LOGNAME', 'aero-ws'), ('JOURNAL_STREAM', '8:20728'), ('_', '/usr/bin/colcon'), ('ROS_VERSION', '2'), ('XDG_CONFIG_DIRS_VSCODE_SNAP_ORIG', '/etc/xdg/xdg-ubuntu:/etc/xdg'), ('XDG_SESSION_CLASS', 'user'), ('XDG_DATA_DIRS_VSCODE_SNAP_ORIG', '/usr/share/ubuntu:/usr/share/gnome:/usr/local/share/:/usr/share/:/var/lib/snapd/desktop'), ('USERNAME', 'aero-ws'), ('TERM', 'xterm-256color'), ('GAZEBO_MODEL_PATH', ':/opt/ros/humble/share/turtlebot3_gazebo/models'), ('GNOME_DESKTOP_SESSION_ID', 'this-is-deprecated'), ('ROS_LOCALHOST_ONLY', '0'), ('WINDOWPATH', '2'), ('PATH', '/home/aero-ws/.local/bin:/opt/ros/humble/bin:/home/aero-ws/.local/bin:/usr/local/sbin:/usr/local/bin:/usr/sbin:/usr/bin:/sbin:/bin:/usr/games:/usr/local/games:/snap/bin:/snap/bin:/home/aero-ws/.vscode/extensions/ms-python.debugpy-2025.10.0-linux-x64/bundled/scripts/noConfigScripts:/home/aero-ws/.config/Code/User/globalStorage/github.copilot-chat/debugCommand'), ('SESSION_MANAGER', 'local/aerows:@/tmp/.ICE-unix/1814,unix/aerows:/tmp/.ICE-unix/1814'), ('GTK_EXE_PREFIX', '/snap/code/202/usr'), ('INVOCATION_ID', '1f8e75182e31465da7395f25f44461a7'), ('XDG_MENU_PREFIX', 'gnome-'), ('BAMF_DESKTOP_FILE_HINT', '/var/lib/snapd/desktop/applications/code_code.desktop'), ('XDG_RUNTIME_DIR', '/run/user/1000'), ('GDK_BACKEND', 'x11'), ('DISPLAY', ':0'), ('LOCPATH', '/snap/code/202/usr/lib/locale'), ('VSCODE_DEBUGPY_ADAPTER_ENDPOINTS', '/home/aero-ws/.vscode/extensions/ms-python.debugpy-2025.10.0-linux-x64/.noConfigDebugAdapterEndpoints/endpoint-d7fc69576709074b.txt'), ('LANG', 'en_US.UTF-8'), ('XDG_CURRENT_DESKTOP', 'Unity'), ('GIO_MODULE_DIR_VSCODE_SNAP_ORIG', ''), ('XDG_DATA_HOME', '/home/aero-ws/snap/code/202/.local/share'), ('XMODIFIERS', '@im=ibus'), ('XDG_SESSION_DESKTOP', 'ubuntu'), ('XAUTHORITY', '/run/user/1000/gdm/Xauthority'), ('LS_COLORS', 'rs=0:di=01;34:ln=01;36:mh=00:pi=40;33:so=01;35:do=01;35:bd=40;33;01:cd=40;33;01:or=40;31;01:mi=00:su=37;41:sg=30;43:ca=30;41:tw=30;42:ow=34;42:st=37;44:ex=01;32:*.tar=01;31:*.tgz=01;31:*.arc=01;31:*.arj=01;31:*.taz=01;31:*.lha=01;31:*.lz4=01;31:*.lzh=01;31:*.lzma=01;31:*.tlz=01;31:*.txz=01;31:*.tzo=01;31:*.t7z=01;31:*.zip=01;31:*.z=01;31:*.dz=01;31:*.gz=01;31:*.lrz=01;31:*.lz=01;31:*.lzo=01;31:*.xz=01;31:*.zst=01;31:*.tzst=01;31:*.bz2=01;31:*.bz=01;31:*.tbz=01;31:*.tbz2=01;31:*.tz=01;31:*.deb=01;31:*.rpm=01;31:*.jar=01;31:*.war=01;31:*.ear=01;31:*.sar=01;31:*.rar=01;31:*.alz=01;31:*.ace=01;31:*.zoo=01;31:*.cpio=01;31:*.7z=01;31:*.rz=01;31:*.cab=01;31:*.wim=01;31:*.swm=01;31:*.dwm=01;31:*.esd=01;31:*.jpg=01;35:*.jpeg=01;35:*.mjpg=01;35:*.mjpeg=01;35:*.gif=01;35:*.bmp=01;35:*.pbm=01;35:*.pgm=01;35:*.ppm=01;35:*.tga=01;35:*.xbm=01;35:*.xpm=01;35:*.tif=01;35:*.tiff=01;35:*.png=01;35:*.svg=01;35:*.svgz=01;35:*.mng=01;35:*.pcx=01;35:*.mov=01;35:*.mpg=01;35:*.mpeg=01;35:*.m2v=01;35:*.mkv=01;35:*.webm=01;35:*.webp=01;35:*.ogm=01;35:*.mp4=01;35:*.m4v=01;35:*.mp4v=01;35:*.vob=01;35:*.qt=01;35:*.nuv=01;35:*.wmv=01;35:*.asf=01;35:*.rm=01;35:*.rmvb=01;35:*.flc=01;35:*.avi=01;35:*.fli=01;35:*.flv=01;35:*.gl=01;35:*.dl=01;35:*.xcf=01;35:*.xwd=01;35:*.yuv=01;35:*.cgm=01;35:*.emf=01;35:*.ogv=01;35:*.ogx=01;35:*.aac=00;36:*.au=00;36:*.flac=00;36:*.m4a=00;36:*.mid=00;36:*.midi=00;36:*.mka=00;36:*.mp3=00;36:*.mpc=00;36:*.ogg=00;36:*.ra=00;36:*.wav=00;36:*.oga=00;36:*.opus=00;36:*.spx=00;36:*.xspf=00;36:'), ('VSCODE_GIT_IPC_HANDLE', '/run/user/1000/vscode-git-90a813dee8.sock'), ('TERM_PROGRAM', 'vscode'), ('SSH_AGENT_LAUNCHER', 'gnome-keyring'), ('SSH_AUTH_SOCK', '/run/user/1000/keyring/ssh'), ('GSETTINGS_SCHEMA_DIR', '/home/aero-ws/snap/code/202/.local/share/glib-2.0/schemas'), ('AMENT_PREFIX_PATH', '/home/aero-ws/ros2_ws/install/path_smoothing_turtlebot:/opt/ros/humble'), ('ORIGINAL_XDG_CURRENT_DESKTOP', 'ubuntu:GNOME'), ('SHELL', '/bin/bash'), ('QT_ACCESSIBILITY', '1'), ('GDMSESSION', 'ubuntu'), ('LESSCLOSE', '/usr/bin/lesspipe %s %s'), ('GTK_PATH_VSCODE_SNAP_ORIG', ''), ('FONTCONFIG_FILE', '/etc/fonts/fonts.conf'), ('GTK_IM_MODULE_FILE_VSCODE_SNAP_ORIG', ''), ('GPG_AGENT_INFO', '/run/user/1000/gnupg/S.gpg-agent:0:1'), ('GJS_DEBUG_OUTPUT', 'stderr'), ('VSCODE_GIT_ASKPASS_EXTRA_ARGS', ''), ('GIT_PAGER', 'cat'), ('QT_IM_MODULE', 'ibus'), ('PWD', '/home/aero-ws/10x_Path_Smoothing/ros2_integration/build/path_smoothing_turtlebot'), ('TURTLEBOT3_MODEL', 'burger'), ('XDG_CONFIG_DIRS', '/etc/xdg/xdg-ubuntu:/etc/xdg'), ('XDG_DATA_DIRS', '/home/aero-ws/snap/code/202/.local/share:/home/aero-ws/snap/code/202:/snap/code/202/usr/share:/usr/share/ubuntu:/usr/share/gnome:/usr/local/share/:/usr/share/:/var/lib/snapd/desktop'), ('PYTHONPATH', '/opt/ros/humble/lib/python3.10/site-packages:/opt/ros/humble/local/lib/python3.10/dist-packages'), ('COLCON', '1'), ('CMAKE_PREFIX_PATH', '/home/aero-ws/ros2_ws/install/path_smoothing_turtlebot')]), 'shell': False}
[0.030281] (path_smoothing_turtlebot) StdoutLine: {'line': b'-- The C compiler identification is GNU 11.4.0\n'}
[0.052854] (path_smoothing_turtlebot) StdoutLine: {'line': b'-- The CXX compiler identification is GNU 11.4.0\n'}
[0.055787] (path_smoothing_turtlebot) StdoutLine: {'line': b'-- Detecting C compiler ABI info\n'}
[0.085562] (path_smoothing_turtlebot) StdoutLine: {'line': b'-- Detecting C compiler ABI info - done\n'}
[0.088488] (path_smoothing_turtlebot) StdoutLine: {'line': b'-- Check for working C compiler: /usr/bin/cc - skipped\n'}
[0.088627] (path_smoothing_turtlebot) StdoutLine: {'line': b'-- Detecting C compile features\n'}
[0.088800] (path_smoothing_turtlebot) StdoutLine: {'line': b'-- Detecting C compile features - done\n'}
[0.090056] (path_smoothing_turtlebot) StdoutLine: {'line': b'-- Detecting CXX compiler ABI info\n'}
[0.099865] (-) TimerEvent: {}
[0.125332] (path_smoothing_turtlebot) StdoutLine: {'line': b'-- Detecting CXX compiler ABI info - done\n'}
[0.128321] (path_smoothing_turtlebot) StdoutLine: {'line': b'-- Check for working CXX compiler: /usr/bin/c++ - skipped\n'}
[0.128465] (path_smoothing_turtlebot) StdoutLine: {'line': b'-- Detecting CXX compile features\n'}
[0.128686] (path_smoothing_turtlebot) StdoutLine: {'line': b'-- Detecting CXX compile features - done\n'}
[0.129690] (path_smoothing_turtlebot) StdoutLine: {'line': b'-- Found ament_cmake: 1.3.12 (/opt/ros/humble/share/ament_cmake/cmake)\n'}
[0.193506] (path_smoothing_turtlebot) StdoutLine: {'line': b'-- Found Python3: /usr/bin/python3 (found version "3.10.12") found components: Interpreter \n'}
[0.199934] (-) TimerEvent: {}
[0.229583] (path_smoothing_turtlebot) StdoutLine: {'line': b'-- Found rclpy: 3.3.17 (/opt/ros/humble/share/rclpy/cmake)\n'}
[0.230055] (path_smoothing_turtlebot) StdoutLine: {'line': b'-- Found geometry_msgs: 4.9.0 (/opt/ros/humble/share/geometry_msgs/cmake)\n'}
[0.244094] (path_smoothing_turtlebot) StdoutLine: {'line': b'-- Found rosidl_generator_c: 3.1.7 (/opt/ros/humble/share/rosidl_generator_c/cmake)\n'}
[0.245930] (path_smoothing_turtlebot) StdoutLine: {'line': b'-- Found rosidl_adapter: 3.1.7 (/opt/ros/humble/share/rosidl_adapter/cmake)\n'}
[0.249054] (path_smoothing_turtlebot) StdoutLine: {'line': b'-- Found rosidl_generator_cpp: 3.1.7 (/opt/ros/humble/share/rosidl_generator_cpp/cmake)\n'}
[0.253519] (path_smoothing_turtlebot) StdoutLine: {'line': b'-- Using all available rosidl_typesupport_c: rosidl_typesupport_fastrtps_c;rosidl_typesupport_introspection_c\n'}
[0.259456] (path_smoothing_turtlebot) StdoutLine: {'line': b'-- Using all available rosidl_typesupport_cpp: rosidl_typesupport_fastrtps_cpp;rosidl_typesupport_introspection_cpp\n'}
[0.273873] (path_smoothing_turtlebot) StdoutLine: {'line': b'-- Found nav_msgs: 4.9.0 (/opt/ros/humble/share/nav_msgs/cmake)\n'}
[0.280110] (path_smoothing_turtlebot) StdoutLine: {'line': b'-- Found sensor_msgs: 4.9.0 (/opt/ros/humble/share/sensor_msgs/cmake)\n'}
[0.286488] (path_smoothing_turtlebot) StdoutLine: {'line': b'-- Found visualization_msgs: 4.9.0 (/opt/ros/humble/share/visualization_msgs/cmake)\n'}
[0.293766] (path_smoothing_turtlebot) StdoutLine: {'line': b'-- Found tf2_ros: 0.25.15 (/opt/ros/humble/share/tf2_ros/cmake)\n'}
[0.300007] (-) TimerEvent: {}
[0.320172] (path_smoothing_turtlebot) StdoutLine: {'line': b'-- Found rmw_implementation_cmake: 6.1.2 (/opt/ros/humble/share/rmw_implementation_cmake/cmake)\n'}
[0.321193] (path_smoothing_turtlebot) StdoutLine: {'line': b'-- Found rmw_fastrtps_cpp: 6.2.8 (/opt/ros/humble/share/rmw_fastrtps_cpp/cmake)\n'}
[0.356871] (path_smoothing_turtlebot) StdoutLine: {'line': b'-- Found OpenSSL: /usr/lib/x86_64-linux-gnu/libcrypto.so (found version "3.0.2")  \n'}
[0.368540] (path_smoothing_turtlebot) StdoutLine: {'line': b'-- Found FastRTPS: /opt/ros/humble/include  \n'}
[0.385569] (path_smoothing_turtlebot) StdoutLine: {'line': b"-- Using RMW implementation 'rmw_fastrtps_cpp' as default\n"}
[0.388714] (path_smoothing_turtlebot) StdoutLine: {'line': b'-- Looking for pthread.h\n'}
[0.400060] (-) TimerEvent: {}
[0.419366] (path_smoothing_turtlebot) StdoutLine: {'line': b'-- Looking for pthread.h - found\n'}
[0.419523] (path_smoothing_turtlebot) StdoutLine: {'line': b'-- Performing Test CMAKE_HAVE_LIBC_PTHREAD\n'}
[0.450697] (path_smoothing_turtlebot) StdoutLine: {'line': b'-- Performing Test CMAKE_HAVE_LIBC_PTHREAD - Success\n'}
[0.451245] (path_smoothing_turtlebot) StdoutLine: {'line': b'-- Found Threads: TRUE  \n'}
[0.500144] (-) TimerEvent: {}
[0.523044] (path_smoothing_turtlebot) StderrLine: {'line': b"Error parsing '/home/aero-ws/10x_Path_Smoothing/ros2_integration/package.xml':\n"}
[0.542090] (path_smoothing_turtlebot) StderrLine: {'line': b'Traceback (most recent call last):\n'}
[0.542192] (path_smoothing_turtlebot) StderrLine: {'line': b'  File "/usr/lib/python3/dist-packages/catkin_pkg/package.py", line 610, in parse_package_string\n'}
[0.542224] (path_smoothing_turtlebot) StderrLine: {'line': b'    root = dom.parseString(data)\n'}
[0.542244] (path_smoothing_turtlebot) StderrLine: {'line': b'  File "/usr/lib/python3.10/xml/dom/minidom.py", line 2000, in parseString\n'}
[0.542273] (path_smoothing_turtlebot) StderrLine: {'line': b'    return expatbuilder.parseString(string)\n'}
[0.542292] (path_smoothing_turtlebot) StderrLine: {'line': b'  File "/usr/lib/python3.10/xml/dom/expatbuilder.py", line 925, in parseString\n'}
[0.542343] (path_smoothing_turtlebot) StderrLine: {'line': b'    return builder.parseString(string)\n'}
[0.542360] (path_smoothing_turtlebot) StderrLine: {'line': b'  File "/usr/lib/python3.10/xml/dom/expatbuilder.py", line 223, in parseString\n'}
[0.542375] (path_smoothing_turtlebot) StderrLine: {'line': b'    parser.Parse(string, True)\n'}
[0.542391] (path_smoothing_turtlebot) StderrLine: {'line': b'xml.parsers.expat.ExpatError: XML or text declaration not at start of entity: line 2, column 0\n'}
[0.542406] (path_smoothing_turtlebot) StderrLine: {'line': b'\n'}
[0.542421] (path_smoothing_turtlebot) StderrLine: {'line': b'During handling of the above exception, another exception occurred:\n'}
[0.542436] (path_smoothing_turtlebot) StderrLine: {'line': b'\n'}
[0.542449] (path_smoothing_turtlebot) StderrLine: {'line': b'Traceback (most recent call last):\n'}
[0.542464] (path_smoothing_turtlebot) StderrLine: {'line': b'  File "/opt/ros/humble/share/ament_cmake_core/cmake/core/package_xml_2_cmake.py", line 150, in <module>\n'}
[0.542481] (path_smoothing_turtlebot) StderrLine: {'line': b'    main()\n'}
[0.542497] (path_smoothing_turtlebot) StderrLine: {'line': b'  File "/opt/ros/humble/share/ament_cmake_core/cmake/core/package_xml_2_cmake.py", line 53, in main\n'}
[0.542516] (path_smoothing_turtlebot) StderrLine: {'line': b'    raise e\n'}
[0.542534] (path_smoothing_turtlebot) StderrLine: {'line': b'  File "/opt/ros/humble/share/ament_cmake_core/cmake/core/package_xml_2_cmake.py", line 49, in main\n'}
[0.542551] (path_smoothing_turtlebot) StderrLine: {'line': b'    package = parse_package_string(\n'}
[0.542577] (path_smoothing_turtlebot) StderrLine: {'line': b'  File "/usr/lib/python3/dist-packages/catkin_pkg/package.py", line 612, in parse_package_string\n'}
[0.542599] (path_smoothing_turtlebot) StderrLine: {'line': b"    raise InvalidPackage('The manifest contains invalid XML:\\n%s' % ex, filename)\n"}
[0.542615] (path_smoothing_turtlebot) StderrLine: {'line': b"catkin_pkg.package.InvalidPackage: Error(s) in package '/home/aero-ws/10x_Path_Smoothing/ros2_integration/package.xml':\n"}
[0.542632] (path_smoothing_turtlebot) StderrLine: {'line': b'The manifest contains invalid XML:\n'}
[0.542647] (path_smoothing_turtlebot) StderrLine: {'line': b'XML or text declaration not at start of entity: line 2, column 0\n'}
[0.548681] (path_smoothing_turtlebot) StderrLine: {'line': b'\x1b[31mCMake Error at /opt/ros/humble/share/ament_cmake_core/cmake/core/ament_package_xml.cmake:95 (message):\n'}
[0.548752] (path_smoothing_turtlebot) StderrLine: {'line': b'  execute_process(/usr/bin/python3\n'}
[0.548772] (path_smoothing_turtlebot) StderrLine: {'line': b'  /opt/ros/humble/share/ament_cmake_core/cmake/core/package_xml_2_cmake.py\n'}
[0.548789] (path_smoothing_turtlebot) StderrLine: {'line': b'  /home/aero-ws/10x_Path_Smoothing/ros2_integration/package.xml\n'}
[0.548804] (path_smoothing_turtlebot) StderrLine: {'line': b'  /home/aero-ws/10x_Path_Smoothing/ros2_integration/build/path_smoothing_turtlebot/ament_cmake_core/package.cmake)\n'}
[0.548819] (path_smoothing_turtlebot) StderrLine: {'line': b'  returned error code 1\n'}
[0.548835] (path_smoothing_turtlebot) StderrLine: {'line': b'Call Stack (most recent call first):\n'}
[0.548872] (path_smoothing_turtlebot) StderrLine: {'line': b'  /opt/ros/humble/share/ament_cmake_core/cmake/core/ament_package_xml.cmake:49 (_ament_package_xml)\n'}
[0.548887] (path_smoothing_turtlebot) StderrLine: {'line': b'  /opt/ros/humble/share/ament_cmake_python/cmake/ament_python_install_package.cmake:60 (ament_package_xml)\n'}
[0.548904] (path_smoothing_turtlebot) StderrLine: {'line': b'  /opt/ros/humble/share/ament_cmake_python/cmake/ament_python_install_package.cmake:39 (_ament_cmake_python_install_package)\n'}
[0.548919] (path_smoothing_turtlebot) StderrLine: {'line': b'  CMakeLists.txt:19 (ament_python_install_package)\n'}
[0.548934] (path_smoothing_turtlebot) StderrLine: {'line': b'\n'}
[0.548948] (path_smoothing_turtlebot) StderrLine: {'line': b'\x1b[0m\n'}
[0.548962] (path_smoothing_turtlebot) StdoutLine: {'line': b'-- Configuring incomplete, errors occurred!\n'}
[0.548983] (path_smoothing_turtlebot) StdoutLine: {'line': b'See also "/home/aero-ws/10x_Path_Smoothing/ros2_integration/build/path_smoothing_turtlebot/CMakeFiles/CMakeOutput.log".\n'}
[0.555906] (path_smoothing_turtlebot) CommandEnded: {'returncode': 1}
[0.556288] (path_smoothing_turtlebot) JobEnded: {'identifier': 'path_smoothing_turtlebot', 'rc': 1}
[0.566539] (-) EventReactorShutdown: {}
